[2025-12-06 23:37:17] SESSION_START   | Acc=- | Amount=0.00
[2025-12-06 23:37:39] CREATE_ACCOUNT  | Acc=100015320 | Amount=0.00
[2025-12-06 23:37:48] DEPOSIT         | Acc=100015320 | Amount=50000.00
[2025-12-06 23:38:01] DEPOSIT         | Acc=100015320 | Amount=2000.00
[2025-12-06 23:38:07] WITHDRAW        | Acc=100015320 | Amount=2000.00
[2025-12-06 23:50:20] CREATE_ACCOUNT  | Acc=10025514 | Amount=0.00
[2025-12-06 23:50:39] DEPOSIT         | Acc=10025514 | Amount=50000.00
[2025-12-06 23:50:44] DEPOSIT         | Acc=10025514 | Amount=5000.00
[2025-12-06 23:51:14] WITHDRAW        | Acc=10025514 | Amount=1000.00
[2025-12-06 23:51:16] SESSION_END     | Acc=- | Amount=0.00
[2025-12-06 23:56:49] SESSION_START   | Acc=- | Amount=0.00
[2025-12-07 00:03:37] WITHDRAW        | Acc=10025514 | Amount=1000.00
[2025-12-07 00:03:39] SESSION_END     | Acc=- | Amount=0.00
[2025-12-07 00:03:41] SESSION_START   | Acc=- | Amount=0.00
[2025-12-07 00:09:24] WITHDRAW        | Acc=10025514 | Amount=1000.00
[2025-12-07 00:09:26] SESSION_END     | Acc=- | Amount=0.00
[2025-12-07 00:09:29] SESSION_START   | Acc=- | Amount=0.00
[2025-12-07 00:14:03] WITHDRAW        | Acc=10025514 | Amount=1000.00
[2025-12-07 00:14:05] SESSION_END     | Acc=- | Amount=0.00
[2025-12-07 00:14:07] SESSION_START   | Acc=- | Amount=0.00
[2025-12-07 00:14:22] DEPOSIT         | Acc=10025514 | Amount=5000.00
[2025-12-07 00:21:02] WITHDRAW        | Acc=10025514 | Amount=1000.00
[2025-12-07 00:21:05] SESSION_END     | Acc=- | Amount=0.00
[2025-12-07 00:21:07] SESSION_START   | Acc=- | Amount=0.00
[2025-12-07 00:37:33] WITHDRAW        | Acc=10025514 | Amount=1000.00
[2025-12-07 00:37:36] SESSION_END     | Acc=- | Amount=0.00
[2025-12-07 00:37:38] SESSION_START   | Acc=- | Amount=0.00
[2025-12-07 00:39:26] WITHDRAW        | Acc=10025514 | Amount=1000.00
[2025-12-07 00:39:43] REMIT           | Acc=100015320 | Amount=5000.00 | Extra=10025514
[2025-12-07 00:39:47] SESSION_END     | Acc=- | Amount=0.00
[2025-12-07 11:01:12] SESSION_START   | Acc=- | Amount=0.00
[2025-12-07 11:02:05] WITHDRAW        | Acc=10025514 | Amount=2.00
[2025-12-07 11:02:44] WITHDRAW        | Acc=10025514 | Amount=5.00
[2025-12-07 11:02:52] WITHDRAW        | Acc=10025514 | Amount=3.00
[2025-12-07 11:08:24] SESSION_END     | Acc=- | Amount=0.00
[2025-12-07 11:08:26] SESSION_START   | Acc=- | Amount=0.00
[2025-12-07 11:08:55] DEPOSIT         | Acc=10025514 | Amount=1000.00
[2025-12-07 11:08:57] SESSION_END     | Acc=- | Amount=0.00
[2025-12-07 11:08:59] SESSION_START   | Acc=- | Amount=0.00
[2025-12-07 11:16:40] SESSION_END     | Acc=- | Amount=0.00
[2025-12-07 11:16:42] SESSION_START   | Acc=- | Amount=0.00
[2025-12-07 12:44:33] WITHDRAW        | Acc=10025514 | Amount=1000.00
[2025-12-07 12:44:35] SESSION_END     | Acc=- | Amount=0.00
[2025-12-07 12:45:12] SESSION_START   | Acc=- | Amount=0.00
[2025-12-07 12:48:50] WITHDRAW        | Acc=10025514 | Amount=90.00
[2025-12-07 12:48:52] SESSION_END     | Acc=- | Amount=0.00
[2025-12-07 12:48:56] SESSION_START   | Acc=- | Amount=0.00
[2025-12-07 12:49:04] SESSION_END     | Acc=- | Amount=0.00
[2025-12-07 12:49:41] SESSION_START   | Acc=- | Amount=0.00
[2025-12-07 12:49:47] SESSION_END     | Acc=- | Amount=0.00
[2025-12-07 12:49:49] SESSION_START   | Acc=- | Amount=0.00
[2025-12-07 12:55:05] WITHDRAW        | Acc=10025514 | Amount=1000.00
[2025-12-07 12:55:06] SESSION_END     | Acc=- | Amount=0.00
[2025-12-07 12:55:09] SESSION_START   | Acc=- | Amount=0.00
[2025-12-07 12:55:33] CREATE_ACCOUNT  | Acc=1007127 | Amount=0.00
[2025-12-07 12:55:49] DEPOSIT         | Acc=1007127 | Amount=45000.00
[2025-12-07 12:56:20] WITHDRAW        | Acc=1007127 | Amount=5000.00
[2025-12-07 12:56:38] REMIT           | Acc=100015320 | Amount=500.00 | Extra=10025514
[2025-12-07 12:56:51] SESSION_END     | Acc=- | Amount=0.00
[2025-12-07 14:22:59] SESSION_START   | Acc=- | Amount=0.00
[2025-12-07 14:23:49] DELETE_ACCOUNT  | Acc=1007127 | Amount=0.00
[2025-12-07 14:24:41] CREATE_ACCOUNT  | Acc=1028124 | Amount=0.00
[2025-12-07 14:24:49] DEPOSIT         | Acc=1028124 | Amount=45000.00
[2025-12-07 14:24:51] SESSION_END     | Acc=- | Amount=0.00
[2025-12-07 14:24:54] SESSION_START   | Acc=- | Amount=0.00
[2025-12-07 14:36:53] SESSION_END     | Acc=- | Amount=0.00
[2025-12-07 14:36:56] SESSION_START   | Acc=- | Amount=0.00
[2025-12-07 14:37:02] DELETE_ACCOUNT  | Acc=1028124 | Amount=0.00
[2025-12-07 14:37:17] CREATE_ACCOUNT  | Acc=1013340 | Amount=0.00
[2025-12-07 14:37:23] DEPOSIT         | Acc=1013340 | Amount=50000.00
[2025-12-07 14:37:52] SESSION_START   | Acc=- | Amount=0.00
[2025-12-07 14:38:07] DELETE_ACCOUNT  | Acc=1013340 | Amount=0.00 | Extra=FULL_VERIFICATION
[2025-12-07 14:43:17] CREATE_ACCOUNT  | Acc=1025427 | Amount=0.00
[2025-12-07 14:43:41] DEPOSIT         | Acc=1025427 | Amount=45000.00
[2025-12-07 14:43:48] WITHDRAW        | Acc=1025427 | Amount=1000.00
[2025-12-07 14:43:56] REMIT           | Acc=1025427 | Amount=1000.00 | Extra=100015320
[2025-12-07 14:44:10] REMIT           | Acc=1025427 | Amount=1000.00 | Extra=100015320
[2025-12-07 14:44:28] SESSION_END     | Acc=- | Amount=0.00
[2025-12-07 14:46:18] SESSION_START   | Acc=- | Amount=0.00
[2025-12-07 14:52:38] SESSION_START   | Acc=- | Amount=0.00
[2025-12-07 14:52:52] DELETE_ACCOUNT  | Acc=1025427 | Amount=0.00 | Extra=FULL_VERIFICATION
[2025-12-07 14:53:13] CREATE_ACCOUNT  | Acc=10013027 | Amount=0.00
[2025-12-07 14:53:22] DEPOSIT         | Acc=10013027 | Amount=45000.00
[2025-12-07 14:53:37] DELETE_ACCOUNT  | Acc=10013027 | Amount=0.00 | Extra=FULL_VERIFICATION
[2025-12-07 14:58:05] SESSION_START   | Acc=- | Amount=0.00
[2025-12-07 14:58:22] CREATE_ACCOUNT  | Acc=10021580 | Amount=0.00
[2025-12-07 14:58:31] DEPOSIT         | Acc=10021580 | Amount=45000.00
[2025-12-07 14:58:44] DELETE_ACCOUNT  | Acc=10021580 | Amount=0.00 | Extra=FULL_VERIFICATION
[2025-12-07 14:59:01] CREATE_ACCOUNT  | Acc=100012176 | Amount=0.00
[2025-12-07 14:59:06] DEPOSIT         | Acc=100012176 | Amount=45000.00
[2025-12-07 15:02:35] CREATE_ACCOUNT  | Acc=10025692 | Amount=0.00
[2025-12-07 15:02:40] DEPOSIT         | Acc=100012176 | Amount=50000.00
[2025-12-07 15:02:50] CREATE_ACCOUNT  | Acc=10019185 | Amount=0.00
[2025-12-07 15:02:53] SESSION_END     | Acc=- | Amount=0.00
[2025-12-07 15:02:55] SESSION_START   | Acc=- | Amount=0.00
[2025-12-07 15:03:08] DELETE_ACCOUNT  | Acc=10019185 | Amount=0.00 | Extra=FULL_VERIFICATION
[2025-12-07 15:07:21] SESSION_START   | Acc=- | Amount=0.00
[2025-12-07 15:07:38] SESSION_END     | Acc=- | Amount=0.00
[2025-12-07 15:07:40] SESSION_START   | Acc=- | Amount=0.00
[2025-12-07 15:07:57] DELETE_ACCOUNT  | Acc=100012176 | Amount=0.00 | Extra=FULL_VERIFICATION
[2025-12-07 15:08:21] SESSION_START   | Acc=- | Amount=0.00
[2025-12-07 15:14:25] SESSION_START   | Acc=- | Amount=0.00
[2025-12-07 15:14:50] CREATE_ACCOUNT  | Acc=1003722 | Amount=0.00
[2025-12-07 15:17:22] SESSION_START   | Acc=- | Amount=0.00
[2025-12-07 15:18:02] DELETE_ACCOUNT  | Acc=1003722 | Amount=0.00 | Extra=FULL_VERIFICATION+LOOP_CONFIRM
[2025-12-07 15:18:13] SESSION_END     | Acc=- | Amount=0.00
[2025-12-07 21:32:03] SESSION_START   | Acc=- | Amount=0.00
[2025-12-07 22:31:21] CREATE_ACCOUNT  | Acc=1009338 | Amount=0.00
[2025-12-07 22:33:02] SESSION_START   | Acc=- | Amount=0.00
[2025-12-07 22:54:57] SESSION_START   | Acc=- | Amount=0.00
[2025-12-07 23:02:05] SESSION_START   | Acc=- | Amount=0.00
[2025-12-07 23:30:58] CREATE_ACCOUNT  | Acc=1007334 | Amount=0.00
[2025-12-07 23:46:33] DEPOSIT         | Acc=1009338 | Amount=50000.00
[2025-12-08 00:15:24] DEPOSIT         | Acc=1009338 | Amount=35500.00
[2025-12-08 00:23:39] SESSION_END     | Acc=- | Amount=0.00
[2025-12-08 00:23:54] SESSION_START   | Acc=- | Amount=0.00
[2025-12-08 00:24:46] CREATE_ACCOUNT  | Acc=1014781 | Amount=0.00
[2025-12-08 08:30:58] SESSION_START   | Acc=- | Amount=0.00
[2025-12-08 08:46:52] SESSION_END     | Acc=- | Amount=0.00
[2025-12-08 08:46:59] SESSION_START   | Acc=- | Amount=0.00
[2025-12-08 08:47:37] SESSION_END     | Acc=- | Amount=0.00
[2025-12-08 08:47:43] SESSION_START   | Acc=- | Amount=0.00
[2025-12-08 08:48:18] DELETE_ACCOUNT  | Acc=1014781 | Amount=0.00 | Extra=FULL_VERIFICATION+LOOP_CONFIRM
[2025-12-08 08:49:41] CREATE_ACCOUNT  | Acc=1000869 | Amount=0.00
[2025-12-08 08:49:58] SESSION_START   | Acc=- | Amount=0.00
[2025-12-08 08:50:15] DELETE_ACCOUNT  | Acc=1000869 | Amount=0.00 | Extra=FULL_VERIFICATION+LOOP_CONFIRM
[2025-12-08 08:58:09] SESSION_END     | Acc=- | Amount=0.00
[2025-12-08 09:16:12] SESSION_START   | Acc=- | Amount=0.00
[2025-12-08 09:16:23] WITHDRAW        | Acc=10025514 | Amount=550.00
[2025-12-08 11:10:28] SESSION_START   | Acc=- | Amount=0.00
[2025-12-08 11:10:42] DEPOSIT         | Acc=10025692 | Amount=35550.00
[2025-12-08 11:11:12] WITHDRAW        | Acc=10025692 | Amount=20.00
[2025-12-08 11:11:14] SESSION_END     | Acc=- | Amount=0.00
[2025-12-08 11:11:27] SESSION_START   | Acc=- | Amount=0.00
[2025-12-08 11:12:28] WITHDRAW        | Acc=10025692 | Amount=30.00
[2025-12-08 11:12:29] SESSION_END     | Acc=- | Amount=0.00
[2025-12-08 11:12:45] SESSION_START   | Acc=- | Amount=0.00
[2025-12-08 11:13:39] WITHDRAW        | Acc=10025692 | Amount=500.00
[2025-12-08 11:13:40] SESSION_END     | Acc=- | Amount=0.00
[2025-12-08 11:13:51] SESSION_START   | Acc=- | Amount=0.00
[2025-12-08 11:28:22] WITHDRAW        | Acc=10025692 | Amount=150.00
[2025-12-08 11:49:03] REMIT           | Acc=100015320 | Amount=3000.00 | Extra=10025514
[2025-12-08 12:10:19] REMIT           | Acc=100015320 | Amount=50.00 | Extra=10025514
[2025-12-08 12:10:25] SESSION_END     | Acc=- | Amount=0.00
[2025-12-08 12:10:38] SESSION_START   | Acc=- | Amount=0.00
[2025-12-08 12:11:06] CREATE_ACCOUNT  | Acc=10020093 | Amount=0.00
[2025-12-08 12:11:19] DEPOSIT         | Acc=10020093 | Amount=40000.00
[2025-12-08 12:11:22] SESSION_END     | Acc=- | Amount=0.00
